<?xml version="1.0" encoding="UTF-8"?>
<robot generator="Robot 6.1.1 (Python 3.11.4 on win32)" generated="20231106 22:59:27.000" rpa="false" schemaversion="4">
<suite id="s1" name="Logar" source="C:\Users\devan\OneDrive\Documents\E2E-Robot\Suites\logar.robot">
<test id="s1-t1" name="Cenario 1" line="5">
<kw name="passar todos os restaurantes" library="home">
<kw name="Create Session" library="RequestsLibrary">
<arg>alias=lista</arg>
<arg>url=https://fake-api-tau.vercel.app/api/efood/restaurantes</arg>
<doc>Create Session: create a HTTP session to a server</doc>
<msg timestamp="20231106 22:59:28.029" level="INFO">Creating Session using : alias=lista, url=https://fake-api-tau.vercel.app/api/efood/restaurantes, headers={},                     cookies={}, auth=None, timeout=None, proxies=None, verify=False,                     debug=0 </msg>
<status status="PASS" starttime="20231106 22:59:28.029" endtime="20231106 22:59:28.029"/>
</kw>
<kw name="GET On Session" library="RequestsLibrary">
<var>${response}</var>
<arg>alias=lista</arg>
<arg>url=https://fake-api-tau.vercel.app/api/efood/restaurantes</arg>
<arg>expected_status=200</arg>
<doc>Sends a GET request on a previously created HTTP Session.</doc>
<msg timestamp="20231106 22:59:28.278" level="INFO">GET Request : url=https://fake-api-tau.vercel.app/api/efood/restaurantes 
 path_url=/api/efood/restaurantes 
 headers={'User-Agent': 'python-requests/2.31.0', 'Accept-Encoding': 'gzip, deflate', 'Accept': '*/*', 'Connection': 'keep-alive'} 
 body=None 
 </msg>
<msg timestamp="20231106 22:59:28.278" level="INFO">GET Response : url=https://fake-api-tau.vercel.app/api/efood/restaurantes 
 status=200, reason=OK 
 headers={'Access-Control-Allow-Origin': '*', 'Age': '0', 'Cache-Control': 'public, max-age=0, must-revalidate', 'Connection': 'keep-alive', 'Content-Encoding': 'gzip', 'Content-Type': 'application/json; charset=utf-8', 'Date': 'Tue, 07 Nov 2023 01:59:26 GMT', 'Etag': 'W/"15iutbgt8va9r6"', 'Server': 'Vercel', 'Strict-Transport-Security': 'max-age=63072000; includeSubDomains; preload', 'X-Matched-Path': '/api/efood/restaurantes', 'X-Vercel-Cache': 'MISS', 'X-Vercel-Id': 'gru1::iad1::mzmbd-1699322366850-d9a4f2b58cdd', 'Transfer-Encoding': 'chunked'} 
 body=[{"id":1,"titulo":"Bella Tavola Italiana","destacado":true,"tipo":"italiana","avaliacao":4.7,"descricao":"A paixão dos nossos talentosos chefs pela cozinha italiana é evidente em cada prato, desde massas caseiras e risotos cremosos até suculentos frutos do mar e carnes tenras. Nosso menu é complementado por uma excelente carta de vinhos, cuidadosamente selecionados para harmonizar com a riqueza dos sabores italianos.","capa":"https://fake-api-tau.vercel.app/efood/bella_tavola_italiana//capa.jpeg","cardapio":[{"foto":"https://fake-api-tau.vercel.app/efood/bella_tavola_italiana//1.webp","preco":69.9,"id":1,"nome":"Ravioli al Tartufo Nero","descricao":"O Ravioli al Tartufo Nero é um requintado prato de massa artesanal, que celebra os sabores ricos e terrosos da trufa negra italiana. Cada ravióli é cuidadosamente recheado com uma mistura saborosa de ricota fresca, parmesão e trufas negras raladas, proporcionando uma combinação de texturas suaves e aromas irresistíveis.","porcao":"1 a 2 pessoas"},{"foto":"https://fake-api-tau.vercel.app/efood/bella_tavola_italiana//2.jpg","preco":56.9,"id":2,"nome":"Spaghetti alla Carbonara","descricao":"O Spaghetti alla Carbonara é um clássico prato italiano, feito com massa spaghetti al dente, coberto com um molho rico e cremoso à base de ovos, queijo pecorino romano, pancetta e pimenta-do-reino. Um prato saboroso e reconfortante que leva você diretamente para a Itália.","porcao":"1 a 2 pessoas"},{"foto":"https://fake-api-tau.vercel.app/efood/bella_tavola_italiana//3.jpg","preco":74.9,"id":3,"nome":"Risotto ai Funghi Porcini","descricao":"O Risotto ai Funghi Porcini é uma iguaria italiana feita com arroz Arborio de alta qualidade e cogumelos porcini secos, que são reidratados para liberar seu sabor intenso e terroso. O arroz é cozido lentamente em um caldo de legumes, com vinho branco e queijo parmesão, resultando em um risoto cremoso e delicioso.","porcao":"1 a 2 pessoas"},{"foto":"https://fake-api-tau.vercel.app/efood/bella_tavola_italiana//4.jpg","preco":89.9,"id":4,"nome":"Ossobuco alla Milanese","descricao":"O Ossobuco alla Milanese é um tradicional prato italiano, originário de Milão, que consiste em um suculento pedaço de vitela cozido lentamente em um molho à base de tomate, vinho branco e legumes. O prato é acompanhado por uma porção de polenta cremosa ou risoto alla Milanese, feito com açafrão.","porcao":"1 a 2 pessoas"},{"foto":"https://fake-api-tau.vercel.app/efood/bella_tavola_italiana//5.jpg","preco":62.9,"id":5,"nome":"Melanzane alla Parmigiana","descricao":"Melanzane alla Parmigiana é um delicioso prato à base de berinjelas, em camadas com molho de tomate caseiro, queijo muçarela e parmesão, assado até ficar dourado e borbulhante. Uma opção saborosa e reconfortante, perfeita para os amantes de legumes e queijo.","porcao":"1 a 2 pessoas"},{"foto":"https://fake-api-tau.vercel.app/efood/bella_tavola_italiana//6.jpg","preco":84.9,"id":6,"nome":"Frutti di Mare Linguine","descricao":"O Frutti di Mare Linguine é uma verdadeira celebração dos sabores do mar, apresentando uma generosa mistura de frutos do mar frescos, como camarões, lulas, mariscos e vieiras, combinados com massa linguine al dente e um saboroso molho de tomate e vinho branco. Uma opção deliciosa para os amantes de frutos do mar.","porcao":"1 a 2 pessoas"},{"foto":"https://fake-api-tau.vercel.app/efood/bella_tavola_italiana//7.jpg","preco":49.9,"id":7,"nome":"Insalata Caprese","descricao":"A Insalata Caprese é uma refrescante e deliciosa salada italiana, feita com tomates maduros e suculentos, fatias frescas de mozzarella di bufala, folhas de manjericão e um fio de azeite extra virgem de oliva. Uma opção leve e saborosa, perfeita como entrada ou acompanhamento.","porcao":"1 a 2 pessoas"}]},{"id":2,"titulo":"Casa das Delícias Árabes","destacado":false,"tipo":"árabe","avaliacao":4.8,"descricao":"A Casa das Delícias Árabes é um acolhedor e autêntico restaurante árabe, localizado no coração da cidade, que proporciona uma verdadeira experiência culinária do Oriente Médio. O ambiente é decorado com elementos tradicionais e exóticos, criando uma atmosfera convidativa e confortável.","capa":"https://fake-api-tau.vercel.app/efood/casa_delicias_arabes//capa.jpeg","cardapio":[{"foto":"https://fake-api-tau.vercel.app/efood/casa_delicias_arabes//1.jpg","preco":49.9,"id":8,"nome":"Mezze Platter","descricao":"O Mezze Platter é uma seleção de aperitivos tradicionais árabes, incluindo homus, babaganush, tabule, falafel, azeitonas e pão pita fresco. Uma combinação deliciosa de sabores e texturas que proporciona uma experiência gastronômica única e diversificada.","porcao":"2 a 4 pessoas"},{"foto":"https://fake-api-tau.vercel.app/efood/casa_delicias_arabes//2.jpg","preco":54.9,"id":9,"nome":"Kebab de Cordeiro","descricao":"O Kebab de Cordeiro é feito com pedaços de cordeiro marinados em especiarias e ervas, grelhados à perfeição e servidos com arroz basmati perfumado, salada e molho de iogurte. Uma opção saborosa e suculenta para quem aprecia a autêntica cozinha árabe.","porcao":"1 a 2 pessoas"},{"foto":"https://fake-api-tau.vercel.app/efood/casa_delicias_arabes//3.webp","preco":45.9,"id":10,"nome":"Shawarma de Frango","descricao":"O Shawarma de Frango é preparado com finas fatias de frango marinadas em uma mistura de especiarias e grelhadas lentamente. Servido com pão pita, salada e molho tahine, este prato é uma opção saborosa e satisfatória para quem deseja saborear a autêntica comida de rua árabe.","porcao":"1 pessoa"}]},{"titulo":"Sakura Sushi House","destacado":false,"tipo":"japonês","avaliacao":4.9,"id":3,"descricao":"A Sakura Sushi House é um sofisticado e autêntico restaurante japonês que oferece uma experiência culinária imersiva, transportando os visitantes diretamente para a Terra do Sol Nascente. O ambiente elegante é complementado por um belo jardim japonês, criando uma atmosfera tranquila e serena.","capa":"https://fake-api-tau.vercel.app/efood/sakura_sushi_house//capa.jpeg","cardapio":[{"foto":"https://fake-api-tau.vercel.app/efood/sakura_sushi_house//1.jpg","preco":89.9,"id":11,"nome":"Sushi e Sashimi Combinado","descricao":"O Sushi e Sashimi Combinado é uma seleção de peças cuidadosamente elaboradas por nossos sushimen, incluindo atum, salmão, peixe branco, camarão e outros frutos do mar frescos. Acompanha uma porção de wasabi, gengibre em conserva e molho shoyu, para realçar os sabores naturais dos ingredientes.","porcao":"1 a 2 pessoas"},{"foto":"https://fake-api-tau.vercel.app/efood/sakura_sushi_house//2.jpg","preco":79.9,"id":12,"nome":"Tempura de Legumes e Camarão","descricao":"O Tempura de Legumes e Camarão é uma opção deliciosa e crocante, composta por uma variedade de legumes e camarões frescos empanados em uma massa leve e frita até a perfeição. Acompanha um molho tentsuyu, à base de dashi, shoyu e mirin, para dar um toque especial ao prato.","porcao":"1 a 2 pessoas"},{"foto":"https://fake-api-tau.vercel.app/efood/sakura_sushi_house//3.jpg","preco":69.9,"id":13,"nome":"Teishoku de Tonkatsu","descricao":"O Teishoku de Tonkatsu é um prato tradicional japonês composto por uma fatia de lombo de porco empanado e frito, servido com arroz japonês, misoshiru (sopa de pasta de soja) e tsukemono (legumes em conserva). O molho tonkatsu, à base de frutas e legumes, adiciona um sabor agridoce irresistível.","porcao":"1 pessoa"}]},{"titulo":"Cantinho Lusitano","destacado":false,"tipo":"português","avaliacao":4.8,"id":4,"descricao":"O Cantinho Lusitano é um charmoso e tradicional restaurante português, que celebra a rica herança culinária de Portugal. Neste aconchegante espaço, os visitantes podem desfrutar dos autênticos sabores portugueses, preparados com ingredientes frescos e de alta qualidade, respeitando as receitas clássicas.","capa":"https://fake-api-tau.vercel.app/efood/cantinho_lusitano//capa.jpeg","cardapio":[{"foto":"https://fake-api-tau.vercel.app/efood/cantinho_lusitano//1.jpeg","preco":74.9,"id":14,"nome":"Bacalhau à Gomes de Sá","descricao":"O Bacalhau à Gomes de Sá é um prato tradicional português, que consiste em lascas de bacalhau cozido, batatas, cebola, alho, azeite e azeitonas pretas. Finalizado com salsa picada e ovos cozidos, este prato é um clássico da culinária portuguesa, que agrada a todos os paladares.","porcao":"1 a 2 pessoas"},{"foto":"https://fake-api-tau.vercel.app/efood/cantinho_lusitano//2.jpg","preco":64.9,"id":15,"nome":"Arroz de Pato","descricao":"O Arroz de Pato é um delicioso prato português, feito com arroz, carne de pato desfiada, chouriço e cenoura. Cozido lentamente no forno para absorver todos os sabores e aromas, o resultado é um prato saboroso e reconfortante que conquista os corações dos apaixonados pela gastronomia lusitana.","porcao":"1 a 2 pessoas"},{"foto":"https://fake-api-tau.vercel.app/efood/cantinho_lusitano//3.png","preco":54.9,"id":16,"nome":"Alheira de Mirandela","descricao":"A Alheira de Mirandela é um emblemático prato português, que consiste em uma deliciosa alheira grelhada, acompanhada de batatas fritas, arroz e uma salada fresca. A alheira é uma saborosa e suculenta mistura de carnes e pão, com um toque de alho e especiarias, que agrada a todos os gostos.","porcao":"1 pessoa"}]},{"titulo":"Piazza del Forno","destacado":false,"tipo":"pizzaria","avaliacao":4.7,"id":5,"descricao":"A Piazza del Forno é uma pizzaria acolhedora e autêntica que se orgulha de suas raízes italianas. Aqui, você encontrará pizzas artesanais preparadas com ingredientes frescos e assadas em forno a lenha, proporcionando sabores inigualáveis e uma crosta crocante e deliciosa.","capa":"https://fake-api-tau.vercel.app/efood/piazza//capa.png","cardapio":[{"foto":"https://fake-api-tau.vercel.app/efood/piazza//1.jpg","preco":49.9,"id":17,"nome":"Pizza Margherita","descricao":"A Pizza Margherita é um clássico italiano, preparada com molho de tomate caseiro, muçarela fresca, folhas de manjericão e um fio de azeite. Simples e deliciosa, esta pizza é a perfeita representação da culinária ... (set the log level to DEBUG or TRACE to see the full content) 
 </msg>
<msg timestamp="20231106 22:59:28.278" level="INFO">C:\Users\devan\AppData\Local\Programs\Python\Python311\Lib\site-packages\urllib3\connectionpool.py:1095: InsecureRequestWarning: Unverified HTTPS request is being made to host 'fake-api-tau.vercel.app'. Adding certificate verification is strongly advised. See: https://urllib3.readthedocs.io/en/latest/advanced-usage.html#tls-warnings
  warnings.warn(</msg>
<msg timestamp="20231106 22:59:28.278" level="INFO">${response} = &lt;Response [200]&gt;</msg>
<status status="PASS" starttime="20231106 22:59:28.029" endtime="20231106 22:59:28.278"/>
</kw>
<for flavor="IN RANGE">
<var>${counter}</var>
<value>6</value>
<iter>
<var name="${counter}">0</var>
<kw name="Set Variable" library="BuiltIn">
<var>${titulos}</var>
<arg>${response.json()[${counter}]['titulo']}</arg>
<doc>Returns the given values which can then be assigned to a variables.</doc>
<msg timestamp="20231106 22:59:28.278" level="INFO">${titulos} = Bella Tavola Italiana</msg>
<status status="PASS" starttime="20231106 22:59:28.278" endtime="20231106 22:59:28.278"/>
</kw>
<kw name="Log To Console" library="BuiltIn">
<arg>${titulos}</arg>
<doc>Logs the given message to the console.</doc>
<status status="PASS" starttime="20231106 22:59:28.278" endtime="20231106 22:59:28.278"/>
</kw>
<status status="PASS" starttime="20231106 22:59:28.278" endtime="20231106 22:59:28.278"/>
</iter>
<iter>
<var name="${counter}">1</var>
<kw name="Set Variable" library="BuiltIn">
<var>${titulos}</var>
<arg>${response.json()[${counter}]['titulo']}</arg>
<doc>Returns the given values which can then be assigned to a variables.</doc>
<msg timestamp="20231106 22:59:28.286" level="INFO">${titulos} = Casa das Delícias Árabes</msg>
<status status="PASS" starttime="20231106 22:59:28.285" endtime="20231106 22:59:28.286"/>
</kw>
<kw name="Log To Console" library="BuiltIn">
<arg>${titulos}</arg>
<doc>Logs the given message to the console.</doc>
<status status="PASS" starttime="20231106 22:59:28.287" endtime="20231106 22:59:28.287"/>
</kw>
<status status="PASS" starttime="20231106 22:59:28.285" endtime="20231106 22:59:28.287"/>
</iter>
<iter>
<var name="${counter}">2</var>
<kw name="Set Variable" library="BuiltIn">
<var>${titulos}</var>
<arg>${response.json()[${counter}]['titulo']}</arg>
<doc>Returns the given values which can then be assigned to a variables.</doc>
<msg timestamp="20231106 22:59:28.289" level="INFO">${titulos} = Sakura Sushi House</msg>
<status status="PASS" starttime="20231106 22:59:28.288" endtime="20231106 22:59:28.289"/>
</kw>
<kw name="Log To Console" library="BuiltIn">
<arg>${titulos}</arg>
<doc>Logs the given message to the console.</doc>
<status status="PASS" starttime="20231106 22:59:28.289" endtime="20231106 22:59:28.290"/>
</kw>
<status status="PASS" starttime="20231106 22:59:28.287" endtime="20231106 22:59:28.290"/>
</iter>
<iter>
<var name="${counter}">3</var>
<kw name="Set Variable" library="BuiltIn">
<var>${titulos}</var>
<arg>${response.json()[${counter}]['titulo']}</arg>
<doc>Returns the given values which can then be assigned to a variables.</doc>
<msg timestamp="20231106 22:59:28.291" level="INFO">${titulos} = Cantinho Lusitano</msg>
<status status="PASS" starttime="20231106 22:59:28.290" endtime="20231106 22:59:28.291"/>
</kw>
<kw name="Log To Console" library="BuiltIn">
<arg>${titulos}</arg>
<doc>Logs the given message to the console.</doc>
<status status="PASS" starttime="20231106 22:59:28.291" endtime="20231106 22:59:28.292"/>
</kw>
<status status="PASS" starttime="20231106 22:59:28.290" endtime="20231106 22:59:28.292"/>
</iter>
<iter>
<var name="${counter}">4</var>
<kw name="Set Variable" library="BuiltIn">
<var>${titulos}</var>
<arg>${response.json()[${counter}]['titulo']}</arg>
<doc>Returns the given values which can then be assigned to a variables.</doc>
<msg timestamp="20231106 22:59:28.293" level="INFO">${titulos} = Piazza del Forno</msg>
<status status="PASS" starttime="20231106 22:59:28.292" endtime="20231106 22:59:28.293"/>
</kw>
<kw name="Log To Console" library="BuiltIn">
<arg>${titulos}</arg>
<doc>Logs the given message to the console.</doc>
<status status="PASS" starttime="20231106 22:59:28.293" endtime="20231106 22:59:28.293"/>
</kw>
<status status="PASS" starttime="20231106 22:59:28.292" endtime="20231106 22:59:28.293"/>
</iter>
<iter>
<var name="${counter}">5</var>
<kw name="Set Variable" library="BuiltIn">
<var>${titulos}</var>
<arg>${response.json()[${counter}]['titulo']}</arg>
<doc>Returns the given values which can then be assigned to a variables.</doc>
<msg timestamp="20231106 22:59:28.293" level="INFO">${titulos} = Jardim da Terra</msg>
<status status="PASS" starttime="20231106 22:59:28.293" endtime="20231106 22:59:28.293"/>
</kw>
<kw name="Log To Console" library="BuiltIn">
<arg>${titulos}</arg>
<doc>Logs the given message to the console.</doc>
<status status="PASS" starttime="20231106 22:59:28.293" endtime="20231106 22:59:28.297"/>
</kw>
<status status="PASS" starttime="20231106 22:59:28.293" endtime="20231106 22:59:28.297"/>
</iter>
<status status="PASS" starttime="20231106 22:59:28.278" endtime="20231106 22:59:28.297"/>
</for>
<status status="PASS" starttime="20231106 22:59:28.029" endtime="20231106 22:59:28.297"/>
</kw>
<status status="PASS" starttime="20231106 22:59:28.028" endtime="20231106 22:59:28.297"/>
</test>
<status status="PASS" starttime="20231106 22:59:27.004" endtime="20231106 22:59:28.297"/>
</suite>
<statistics>
<total>
<stat pass="1" fail="0" skip="0">All Tests</stat>
</total>
<tag>
</tag>
<suite>
<stat pass="1" fail="0" skip="0" id="s1" name="Logar">Logar</stat>
</suite>
</statistics>
<errors>
</errors>
</robot>
